<?xml version="1.0" encoding="UTF-8"?>
<robot generator="Robot 6.0.1 (Python 3.10.7 on win32)" generated="20221118 15:13:33.603" rpa="false" schemaversion="3">
<suite id="s1" name="KeywordsPersonAvec Valeur de Retour" source="c:\Users\Chafik\Desktop\RobotFramework project\casTest\KeywordsPersonAvec Valeur de Retour.robot">
<test id="s1-t1" name="Test login orangehrm" line="7">
<kw name="Se connecter a l'appli Orangehrm">
<var>${OrangeTitle}</var>
<arg>${Site}</arg>
<arg>${navigateur}</arg>
<doc>Ce mot clé nous permet d'ouvrir l'appli sous test</doc>
<kw name="Open Browser" library="SeleniumLibrary">
<arg>${url}</arg>
<arg>${browser}</arg>
<doc>Opens a new browser instance to the optional ``url``.</doc>
<msg timestamp="20221118 15:13:34.122" level="INFO">Opening browser 'gc' to base url 'https://opensource-demo.orangehrmlive.com/web/index.php/auth/login'.</msg>
<status status="PASS" starttime="20221118 15:13:34.121" endtime="20221118 15:13:39.332"/>
</kw>
<kw name="Maximize Browser Window" library="SeleniumLibrary">
<doc>Maximizes current browser window.</doc>
<status status="PASS" starttime="20221118 15:13:39.332" endtime="20221118 15:13:39.479"/>
</kw>
<kw name="Sleep" library="BuiltIn">
<arg>2</arg>
<doc>Pauses the test executed for the given time.</doc>
<msg timestamp="20221118 15:13:41.487" level="INFO">Slept 2 seconds</msg>
<status status="PASS" starttime="20221118 15:13:39.479" endtime="20221118 15:13:41.487"/>
</kw>
<kw name="Get Title" library="SeleniumLibrary">
<var>${titrePage}</var>
<doc>Returns the title of the current page.</doc>
<msg timestamp="20221118 15:13:41.494" level="INFO">${titrePage} = OrangeHRM</msg>
<status status="PASS" starttime="20221118 15:13:41.488" endtime="20221118 15:13:41.494"/>
</kw>
<msg timestamp="20221118 15:13:41.494" level="INFO">${OrangeTitle} = OrangeHRM</msg>
<status status="PASS" starttime="20221118 15:13:34.119" endtime="20221118 15:13:41.494"/>
</kw>
<kw name="Log" library="BuiltIn">
<arg>${OrangeTitle}</arg>
<doc>Logs the given message with the given level.</doc>
<msg timestamp="20221118 15:13:41.497" level="INFO">OrangeHRM</msg>
<status status="PASS" starttime="20221118 15:13:41.496" endtime="20221118 15:13:41.497"/>
</kw>
<kw name="Input Text" library="SeleniumLibrary">
<arg>xpath://input[@name='username']</arg>
<arg>Admin</arg>
<doc>Types the given ``text`` into the text field identified by ``locator``.</doc>
<msg timestamp="20221118 15:13:41.503" level="INFO">Typing text 'Admin' into text field 'xpath://input[@name='username']'.</msg>
<status status="PASS" starttime="20221118 15:13:41.501" endtime="20221118 15:13:41.723"/>
</kw>
<kw name="Input Password" library="SeleniumLibrary">
<arg>xpath://input[@name='password']</arg>
<arg>admin123</arg>
<doc>Types the given password into the text field identified by ``locator``.</doc>
<msg timestamp="20221118 15:13:41.745" level="INFO">Typing password into text field 'xpath://input[@name='password']'.</msg>
<msg timestamp="20221118 15:13:41.872" level="INFO">Temporally setting log level to: NONE</msg>
<msg timestamp="20221118 15:13:41.978" level="INFO">Log level changed from NONE to INFO.</msg>
<status status="PASS" starttime="20221118 15:13:41.744" endtime="20221118 15:13:41.979"/>
</kw>
<kw name="Click Button" library="SeleniumLibrary">
<arg>//button</arg>
<doc>Clicks the button identified by ``locator``.</doc>
<msg timestamp="20221118 15:13:41.981" level="INFO">Clicking button '//button'.</msg>
<status status="PASS" starttime="20221118 15:13:41.980" endtime="20221118 15:13:42.137"/>
</kw>
<kw name="Close Browser" library="SeleniumLibrary">
<doc>Closes the current browser.</doc>
<status status="PASS" starttime="20221118 15:13:42.149" endtime="20221118 15:13:44.692"/>
</kw>
<status status="PASS" starttime="20221118 15:13:34.117" endtime="20221118 15:13:44.698"/>
</test>
<status status="PASS" starttime="20221118 15:13:33.616" endtime="20221118 15:13:44.702"/>
</suite>
<statistics>
<total>
<stat pass="1" fail="0" skip="0">All Tests</stat>
</total>
<tag>
</tag>
<suite>
<stat pass="1" fail="0" skip="0" id="s1" name="KeywordsPersonAvec Valeur de Retour">KeywordsPersonAvec Valeur de Retour</stat>
</suite>
</statistics>
<errors>
</errors>
</robot>
