<?xml version="1.0" encoding="UTF-8"?>
<robot generator="Robot 6.0.1 (Python 3.10.7 on win32)" generated="20221118 13:41:43.696" rpa="false" schemaversion="3">
<suite id="s1" name="KeywordsPersonSansArgument" source="C:\Users\Chafik\Desktop\RobotFramework project\casTest\KeywordsPersonSansArgument.robot">
<test id="s1-t1" name="Test login orangehrm" line="5">
<kw name="Open Browser" library="SeleniumLibrary">
<arg>https://opensource-demo.orangehrmlive.com/web/index.php/auth/login</arg>
<arg>gc</arg>
<doc>Opens a new browser instance to the optional ``url``.</doc>
<msg timestamp="20221118 13:41:44.071" level="INFO">Opening browser 'gc' to base url 'https://opensource-demo.orangehrmlive.com/web/index.php/auth/login'.</msg>
<status status="PASS" starttime="20221118 13:41:44.070" endtime="20221118 13:41:48.774"/>
</kw>
<kw name="Maximize Browser Window" library="SeleniumLibrary">
<doc>Maximizes current browser window.</doc>
<status status="PASS" starttime="20221118 13:41:48.775" endtime="20221118 13:41:48.933"/>
</kw>
<kw name="Sleep" library="BuiltIn">
<arg>2</arg>
<doc>Pauses the test executed for the given time.</doc>
<msg timestamp="20221118 13:41:50.937" level="INFO">Slept 2 seconds</msg>
<status status="PASS" starttime="20221118 13:41:48.934" endtime="20221118 13:41:50.938"/>
</kw>
<kw name="Input Text" library="SeleniumLibrary">
<arg>xpath://input[@name='username']</arg>
<arg>Admin</arg>
<doc>Types the given ``text`` into the text field identified by ``locator``.</doc>
<msg timestamp="20221118 13:41:50.941" level="INFO">Typing text 'Admin' into text field 'xpath://input[@name='username']'.</msg>
<status status="PASS" starttime="20221118 13:41:50.940" endtime="20221118 13:41:51.078"/>
</kw>
<kw name="Input Password" library="SeleniumLibrary">
<arg>xpath://input[@name='password']</arg>
<arg>admin123</arg>
<doc>Types the given password into the text field identified by ``locator``.</doc>
<msg timestamp="20221118 13:41:51.080" level="INFO">Typing password into text field 'xpath://input[@name='password']'.</msg>
<msg timestamp="20221118 13:41:51.170" level="INFO">Temporally setting log level to: NONE</msg>
<msg timestamp="20221118 13:41:51.266" level="INFO">Log level changed from NONE to INFO.</msg>
<status status="PASS" starttime="20221118 13:41:51.079" endtime="20221118 13:41:51.266"/>
</kw>
<kw name="Click Button" library="SeleniumLibrary">
<arg>//button</arg>
<doc>Clicks the button identified by ``locator``.</doc>
<msg timestamp="20221118 13:41:51.268" level="INFO">Clicking button '//button'.</msg>
<status status="PASS" starttime="20221118 13:41:51.267" endtime="20221118 13:41:51.449"/>
</kw>
<status status="PASS" starttime="20221118 13:41:44.062" endtime="20221118 13:41:51.451"/>
</test>
<status status="PASS" starttime="20221118 13:41:43.701" endtime="20221118 13:41:51.458"/>
</suite>
<statistics>
<total>
<stat pass="1" fail="0" skip="0">All Tests</stat>
</total>
<tag>
</tag>
<suite>
<stat pass="1" fail="0" skip="0" id="s1" name="KeywordsPersonSansArgument">KeywordsPersonSansArgument</stat>
</suite>
</statistics>
<errors>
</errors>
</robot>
